mode: set
cnfs/handler/comments.go:30.56,61.16 3 1
cnfs/handler/comments.go:65.2,66.16 2 1
cnfs/handler/comments.go:73.2,73.53 1 1
cnfs/handler/comments.go:61.16,63.3 1 0
cnfs/handler/comments.go:66.16,67.27 1 1
cnfs/handler/comments.go:70.3,70.64 1 1
cnfs/handler/comments.go:67.27,69.4 1 1
cnfs/handler/comments.go:77.55,104.16 3 1
cnfs/handler/comments.go:108.2,109.16 2 1
cnfs/handler/comments.go:116.2,116.52 1 1
cnfs/handler/comments.go:104.16,106.3 1 0
cnfs/handler/comments.go:109.16,110.27 1 1
cnfs/handler/comments.go:113.3,113.64 1 1
cnfs/handler/comments.go:110.27,112.4 1 1
cnfs/handler/comments.go:120.54,149.37 2 1
cnfs/handler/comments.go:153.2,154.30 2 1
cnfs/handler/comments.go:158.2,158.40 1 1
cnfs/handler/comments.go:162.2,172.16 2 1
cnfs/handler/comments.go:179.2,179.52 1 1
cnfs/handler/comments.go:149.37,151.3 1 0
cnfs/handler/comments.go:154.30,156.3 1 1
cnfs/handler/comments.go:158.40,160.3 1 0
cnfs/handler/comments.go:172.16,173.27 1 1
cnfs/handler/comments.go:176.3,176.64 1 1
cnfs/handler/comments.go:173.27,175.4 1 1
cnfs/handler/comments.go:182.54,216.37 2 1
cnfs/handler/comments.go:220.2,222.16 3 1
cnfs/handler/comments.go:226.2,226.40 1 1
cnfs/handler/comments.go:230.2,231.9 2 1
cnfs/handler/comments.go:235.2,236.16 2 1
cnfs/handler/comments.go:243.2,244.16 2 1
cnfs/handler/comments.go:251.2,251.52 1 1
cnfs/handler/comments.go:255.2,260.16 2 1
cnfs/handler/comments.go:267.2,267.52 1 1
cnfs/handler/comments.go:216.37,218.3 1 0
cnfs/handler/comments.go:222.16,224.3 1 0
cnfs/handler/comments.go:226.40,228.3 1 1
cnfs/handler/comments.go:231.9,233.3 1 0
cnfs/handler/comments.go:236.16,237.27 1 0
cnfs/handler/comments.go:240.3,240.64 1 0
cnfs/handler/comments.go:237.27,239.4 1 0
cnfs/handler/comments.go:244.16,245.27 1 0
cnfs/handler/comments.go:248.3,248.64 1 0
cnfs/handler/comments.go:245.27,247.4 1 0
cnfs/handler/comments.go:251.52,253.3 1 1
cnfs/handler/comments.go:260.16,261.27 1 0
cnfs/handler/comments.go:264.3,264.64 1 0
cnfs/handler/comments.go:261.27,263.4 1 0
cnfs/handler/comments.go:270.54,299.16 3 1
cnfs/handler/comments.go:303.2,304.9 2 1
cnfs/handler/comments.go:308.2,309.16 2 1
cnfs/handler/comments.go:316.2,317.16 2 1
cnfs/handler/comments.go:324.2,324.52 1 1
cnfs/handler/comments.go:328.2,329.16 2 1
cnfs/handler/comments.go:336.2,336.52 1 1
cnfs/handler/comments.go:299.16,301.3 1 0
cnfs/handler/comments.go:304.9,306.3 1 0
cnfs/handler/comments.go:309.16,310.27 1 0
cnfs/handler/comments.go:313.3,313.64 1 0
cnfs/handler/comments.go:310.27,312.4 1 0
cnfs/handler/comments.go:317.16,318.27 1 0
cnfs/handler/comments.go:321.3,321.64 1 0
cnfs/handler/comments.go:318.27,320.4 1 0
cnfs/handler/comments.go:324.52,326.3 1 1
cnfs/handler/comments.go:329.16,330.27 1 0
cnfs/handler/comments.go:333.3,333.64 1 0
cnfs/handler/comments.go:330.27,332.4 1 0
cnfs/handler/handler.go:53.58,54.47 1 1
cnfs/handler/handler.go:57.2,57.12 1 1
cnfs/handler/handler.go:54.47,56.3 1 1
cnfs/handler/handler.go:60.33,64.16 4 0
cnfs/handler/handler.go:68.2,68.59 1 0
cnfs/handler/handler.go:64.16,66.3 1 0
cnfs/handler/handler.go:71.69,74.16 2 1
cnfs/handler/handler.go:78.2,85.20 3 1
cnfs/handler/handler.go:74.16,76.3 1 0
cnfs/handler/handler.go:88.32,98.40 7 1
cnfs/handler/handler.go:101.2,101.46 1 1
cnfs/handler/handler.go:104.2,141.14 32 1
cnfs/handler/handler.go:98.40,100.3 1 0
cnfs/handler/handler.go:101.46,103.3 1 0
cnfs/handler/message.go:31.54,68.38 2 1
cnfs/handler/message.go:72.2,72.41 1 1
cnfs/handler/message.go:76.2,77.16 2 1
cnfs/handler/message.go:84.2,92.16 3 1
cnfs/handler/message.go:96.2,96.42 1 1
cnfs/handler/message.go:68.38,70.3 1 0
cnfs/handler/message.go:72.41,74.3 1 1
cnfs/handler/message.go:77.16,78.27 1 1
cnfs/handler/message.go:81.3,81.64 1 1
cnfs/handler/message.go:78.27,80.4 1 1
cnfs/handler/message.go:92.16,94.3 1 0
cnfs/handler/message.go:100.53,151.16 3 1
cnfs/handler/message.go:155.2,156.9 2 1
cnfs/handler/message.go:160.2,160.35 1 1
cnfs/handler/message.go:164.2,165.21 2 1
cnfs/handler/message.go:169.2,170.16 2 1
cnfs/handler/message.go:174.2,179.16 3 1
cnfs/handler/message.go:186.2,186.43 1 1
cnfs/handler/message.go:151.16,153.3 1 0
cnfs/handler/message.go:156.9,158.3 1 0
cnfs/handler/message.go:160.35,162.3 1 1
cnfs/handler/message.go:165.21,167.3 1 1
cnfs/handler/message.go:170.16,172.3 1 1
cnfs/handler/message.go:179.16,180.27 1 1
cnfs/handler/message.go:183.3,183.64 1 0
cnfs/handler/message.go:180.27,182.4 1 1
cnfs/handler/message.go:190.55,230.16 3 1
cnfs/handler/message.go:234.2,235.16 2 1
cnfs/handler/message.go:242.2,242.38 1 1
cnfs/handler/message.go:230.16,232.3 1 1
cnfs/handler/message.go:235.16,236.27 1 1
cnfs/handler/message.go:239.3,239.64 1 1
cnfs/handler/message.go:236.27,238.4 1 1
cnfs/handler/message.go:245.54,285.16 3 1
cnfs/handler/message.go:289.2,290.9 2 1
cnfs/handler/message.go:294.2,295.16 2 1
cnfs/handler/message.go:302.2,302.43 1 1
cnfs/handler/message.go:306.2,311.16 2 1
cnfs/handler/message.go:318.2,318.42 1 1
cnfs/handler/message.go:285.16,287.3 1 0
cnfs/handler/message.go:290.9,292.3 1 0
cnfs/handler/message.go:295.16,296.27 1 1
cnfs/handler/message.go:299.3,299.64 1 1
cnfs/handler/message.go:296.27,298.4 1 1
cnfs/handler/message.go:302.43,304.3 1 0
cnfs/handler/message.go:311.16,312.27 1 0
cnfs/handler/message.go:315.3,315.64 1 0
cnfs/handler/message.go:312.27,314.4 1 0
cnfs/handler/message.go:321.54,361.16 3 1
cnfs/handler/message.go:365.2,366.9 2 1
cnfs/handler/message.go:370.2,371.16 2 1
cnfs/handler/message.go:378.2,378.43 1 1
cnfs/handler/message.go:382.2,387.16 3 1
cnfs/handler/message.go:394.2,394.45 1 1
cnfs/handler/message.go:361.16,363.3 1 0
cnfs/handler/message.go:366.9,368.3 1 0
cnfs/handler/message.go:371.16,372.27 1 1
cnfs/handler/message.go:375.3,375.64 1 1
cnfs/handler/message.go:372.27,374.4 1 1
cnfs/handler/message.go:378.43,380.3 1 1
cnfs/handler/message.go:387.16,388.27 1 0
cnfs/handler/message.go:391.3,391.64 1 0
cnfs/handler/message.go:388.27,390.4 1 0
cnfs/handler/middleware.go:13.79,21.79 1 1
cnfs/handler/middleware.go:21.79,25.22 3 1
cnfs/handler/middleware.go:31.4,39.14 2 1
cnfs/handler/middleware.go:25.22,27.5 1 0
cnfs/handler/middleware.go:27.10,29.5 1 1
cnfs/handler/middleware.go:44.55,57.2 1 1
cnfs/handler/middleware.go:59.76,61.2 1 1
cnfs/handler/middleware.go:69.73,70.36 1 1
cnfs/handler/middleware.go:70.36,72.32 2 1
cnfs/handler/middleware.go:76.3,78.22 2 1
cnfs/handler/middleware.go:82.3,83.51 2 1
cnfs/handler/middleware.go:87.3,89.17 3 1
cnfs/handler/middleware.go:93.3,94.17 2 1
cnfs/handler/middleware.go:72.32,74.4 1 0
cnfs/handler/middleware.go:78.22,80.4 1 0
cnfs/handler/middleware.go:83.51,85.4 1 0
cnfs/handler/middleware.go:89.17,91.4 1 0
cnfs/handler/posts.go:28.53,58.16 2 1
cnfs/handler/posts.go:62.2,63.16 2 1
cnfs/handler/posts.go:67.2,68.16 2 1
cnfs/handler/posts.go:72.2,72.50 1 1
cnfs/handler/posts.go:58.16,60.3 1 0
cnfs/handler/posts.go:63.16,65.3 1 1
cnfs/handler/posts.go:68.16,70.3 1 0
cnfs/handler/posts.go:76.52,112.16 3 1
cnfs/handler/posts.go:116.2,117.16 2 1
cnfs/handler/posts.go:124.2,124.49 1 1
cnfs/handler/posts.go:112.16,114.3 1 0
cnfs/handler/posts.go:117.16,118.27 1 1
cnfs/handler/posts.go:121.3,121.71 1 0
cnfs/handler/posts.go:118.27,120.4 1 1
cnfs/handler/posts.go:128.54,159.36 2 1
cnfs/handler/posts.go:163.2,163.40 1 1
cnfs/handler/posts.go:167.2,172.16 2 1
cnfs/handler/posts.go:179.2,179.49 1 1
cnfs/handler/posts.go:159.36,161.3 1 0
cnfs/handler/posts.go:163.40,165.3 1 1
cnfs/handler/posts.go:172.16,173.27 1 1
cnfs/handler/posts.go:176.3,176.71 1 0
cnfs/handler/posts.go:173.27,175.4 1 1
cnfs/handler/posts.go:183.51,223.36 2 1
cnfs/handler/posts.go:227.2,227.40 1 1
cnfs/handler/posts.go:231.2,232.16 2 1
cnfs/handler/posts.go:236.2,237.9 2 1
cnfs/handler/posts.go:241.2,242.16 2 1
cnfs/handler/posts.go:250.2,251.16 2 1
cnfs/handler/posts.go:259.2,259.44 1 1
cnfs/handler/posts.go:263.2,267.16 2 1
cnfs/handler/posts.go:271.2,271.56 1 1
cnfs/handler/posts.go:223.36,225.3 1 0
cnfs/handler/posts.go:227.40,229.3 1 0
cnfs/handler/posts.go:232.16,234.3 1 0
cnfs/handler/posts.go:237.9,239.3 1 0
cnfs/handler/posts.go:242.16,243.27 1 0
cnfs/handler/posts.go:246.3,246.64 1 0
cnfs/handler/posts.go:243.27,245.4 1 0
cnfs/handler/posts.go:251.16,252.27 1 1
cnfs/handler/posts.go:255.3,255.64 1 0
cnfs/handler/posts.go:252.27,254.4 1 1
cnfs/handler/posts.go:259.44,261.3 1 1
cnfs/handler/posts.go:267.16,269.3 1 0
cnfs/handler/posts.go:275.51,310.16 3 1
cnfs/handler/posts.go:314.2,315.9 2 1
cnfs/handler/posts.go:319.2,320.16 2 1
cnfs/handler/posts.go:328.2,329.16 2 1
cnfs/handler/posts.go:337.2,337.44 1 1
cnfs/handler/posts.go:342.2,343.16 2 1
cnfs/handler/posts.go:347.2,347.56 1 1
cnfs/handler/posts.go:310.16,312.3 1 0
cnfs/handler/posts.go:315.9,317.3 1 0
cnfs/handler/posts.go:320.16,321.27 1 0
cnfs/handler/posts.go:324.3,324.64 1 0
cnfs/handler/posts.go:321.27,323.4 1 0
cnfs/handler/posts.go:329.16,330.27 1 1
cnfs/handler/posts.go:333.3,333.64 1 0
cnfs/handler/posts.go:330.27,332.4 1 1
cnfs/handler/posts.go:337.44,339.3 1 1
cnfs/handler/posts.go:343.16,345.3 1 0
cnfs/handler/auth.go:49.50,87.38 2 1
cnfs/handler/auth.go:91.2,91.42 1 1
cnfs/handler/auth.go:95.2,96.16 2 1
cnfs/handler/auth.go:103.2,103.91 1 1
cnfs/handler/auth.go:107.2,108.16 2 1
cnfs/handler/auth.go:112.2,113.16 2 1
cnfs/handler/auth.go:118.2,140.16 12 1
cnfs/handler/auth.go:147.2,148.16 2 1
cnfs/handler/auth.go:155.2,165.39 2 1
cnfs/handler/auth.go:87.38,89.3 1 0
cnfs/handler/auth.go:91.42,93.3 1 1
cnfs/handler/auth.go:96.16,97.27 1 1
cnfs/handler/auth.go:100.3,100.44 1 0
cnfs/handler/auth.go:97.27,99.4 1 1
cnfs/handler/auth.go:103.91,105.3 1 1
cnfs/handler/auth.go:108.16,110.3 1 0
cnfs/handler/auth.go:113.16,115.3 1 0
cnfs/handler/auth.go:140.16,141.27 1 0
cnfs/handler/auth.go:144.3,144.44 1 0
cnfs/handler/auth.go:141.27,143.4 1 0
cnfs/handler/auth.go:148.16,149.27 1 0
cnfs/handler/auth.go:152.3,152.44 1 0
cnfs/handler/auth.go:149.27,151.4 1 0
cnfs/handler/auth.go:169.51,210.38 2 1
cnfs/handler/auth.go:214.2,214.42 1 1
cnfs/handler/auth.go:218.2,219.16 2 1
cnfs/handler/auth.go:226.2,226.59 1 1
cnfs/handler/auth.go:210.38,212.3 1 0
cnfs/handler/auth.go:214.42,216.3 1 1
cnfs/handler/auth.go:219.16,220.27 1 1
cnfs/handler/auth.go:223.3,223.64 1 1
cnfs/handler/auth.go:220.27,222.4 1 1
cnfs/handler/refresh.go:37.59,86.38 2 0
cnfs/handler/refresh.go:90.2,90.42 1 0
cnfs/handler/refresh.go:94.2,95.16 2 0
cnfs/handler/refresh.go:99.2,100.16 2 0
cnfs/handler/refresh.go:107.2,107.23 1 0
cnfs/handler/refresh.go:111.2,111.106 1 0
cnfs/handler/refresh.go:115.2,115.47 1 0
cnfs/handler/refresh.go:119.2,119.41 1 0
cnfs/handler/refresh.go:123.2,124.16 2 0
cnfs/handler/refresh.go:128.2,133.49 2 0
cnfs/handler/refresh.go:86.38,88.3 1 0
cnfs/handler/refresh.go:90.42,92.3 1 0
cnfs/handler/refresh.go:95.16,97.3 1 0
cnfs/handler/refresh.go:100.16,101.27 1 0
cnfs/handler/refresh.go:104.3,104.71 1 0
cnfs/handler/refresh.go:101.27,103.4 1 0
cnfs/handler/refresh.go:107.23,109.3 1 0
cnfs/handler/refresh.go:111.106,113.3 1 0
cnfs/handler/refresh.go:115.47,117.3 1 0
cnfs/handler/refresh.go:119.41,121.3 1 0
cnfs/handler/refresh.go:124.16,126.3 1 0
cnfs/handler/refresh.go:136.60,180.38 2 0
cnfs/handler/refresh.go:184.2,184.42 1 0
cnfs/handler/refresh.go:188.2,189.16 2 0
cnfs/handler/refresh.go:193.2,198.39 2 0
cnfs/handler/refresh.go:180.38,182.3 1 0
cnfs/handler/refresh.go:184.42,186.3 1 0
cnfs/handler/refresh.go:189.16,191.3 1 0
cnfs/handler/response.go:54.37,56.2 1 1
cnfs/handler/response.go:58.46,60.2 1 1
cnfs/handler/user.go:74.51,112.38 2 1
cnfs/handler/user.go:116.2,116.42 1 1
cnfs/handler/user.go:120.2,121.16 2 1
cnfs/handler/user.go:125.2,134.16 3 1
cnfs/handler/user.go:141.2,146.16 2 1
cnfs/handler/user.go:150.2,150.49 1 1
cnfs/handler/user.go:112.38,114.3 1 0
cnfs/handler/user.go:116.42,118.3 1 1
cnfs/handler/user.go:121.16,123.3 1 0
cnfs/handler/user.go:134.16,135.46 1 1
cnfs/handler/user.go:138.3,138.64 1 1
cnfs/handler/user.go:135.46,137.4 1 1
cnfs/handler/user.go:146.16,148.3 1 0
cnfs/handler/user.go:154.50,192.21 2 1
cnfs/handler/user.go:196.2,197.16 2 1
cnfs/handler/user.go:201.2,202.16 2 1
cnfs/handler/user.go:206.2,206.40 1 1
cnfs/handler/user.go:192.21,194.3 1 1
cnfs/handler/user.go:197.16,199.3 1 1
cnfs/handler/user.go:202.16,204.3 1 0
cnfs/handler/user.go:210.52,249.16 3 1
cnfs/handler/user.go:253.2,254.16 2 1
cnfs/handler/user.go:261.2,261.39 1 1
cnfs/handler/user.go:249.16,251.3 1 1
cnfs/handler/user.go:254.16,255.27 1 1
cnfs/handler/user.go:258.3,258.64 1 1
cnfs/handler/user.go:255.27,257.4 1 1
cnfs/handler/user.go:264.58,268.16 3 1
cnfs/handler/user.go:275.2,275.39 1 1
cnfs/handler/user.go:268.16,269.27 1 1
cnfs/handler/user.go:272.3,272.64 1 1
cnfs/handler/user.go:269.27,271.4 1 1
cnfs/handler/user.go:279.51,332.16 3 1
cnfs/handler/user.go:336.2,338.38 2 1
cnfs/handler/user.go:342.2,342.42 1 1
cnfs/handler/user.go:346.2,347.9 2 1
cnfs/handler/user.go:351.2,351.35 1 1
cnfs/handler/user.go:355.2,356.16 2 1
cnfs/handler/user.go:363.2,363.20 1 1
cnfs/handler/user.go:332.16,334.3 1 0
cnfs/handler/user.go:338.38,340.3 1 0
cnfs/handler/user.go:342.42,344.3 1 1
cnfs/handler/user.go:347.9,349.3 1 0
cnfs/handler/user.go:351.35,353.3 1 0
cnfs/handler/user.go:356.16,357.27 1 1
cnfs/handler/user.go:360.3,360.64 1 0
cnfs/handler/user.go:357.27,359.4 1 1
cnfs/handler/user.go:364.18,372.17 3 1
cnfs/handler/user.go:376.3,377.17 2 1
cnfs/handler/user.go:384.3,384.162 1 1
cnfs/handler/user.go:385.18,387.17 2 1
cnfs/handler/user.go:391.3,398.17 3 1
cnfs/handler/user.go:402.3,403.17 2 1
cnfs/handler/user.go:410.3,410.162 1 1
cnfs/handler/user.go:411.10,412.89 1 0
cnfs/handler/user.go:372.17,374.4 1 0
cnfs/handler/user.go:377.17,378.28 1 0
cnfs/handler/user.go:381.4,381.65 1 0
cnfs/handler/user.go:378.28,380.5 1 0
cnfs/handler/user.go:387.17,389.4 1 0
cnfs/handler/user.go:398.17,400.4 1 0
cnfs/handler/user.go:403.17,404.28 1 0
cnfs/handler/user.go:407.4,407.65 1 0
cnfs/handler/user.go:404.28,406.5 1 0
cnfs/handler/user.go:417.51,468.16 3 1
cnfs/handler/user.go:472.2,474.38 2 1
cnfs/handler/user.go:478.2,478.42 1 1
cnfs/handler/user.go:482.2,483.16 2 1
cnfs/handler/user.go:492.2,493.9 2 1
cnfs/handler/user.go:497.2,497.35 1 1
cnfs/handler/user.go:502.2,503.16 2 1
cnfs/handler/user.go:511.2,511.121 1 1
cnfs/handler/user.go:468.16,470.3 1 0
cnfs/handler/user.go:474.38,476.3 1 0
cnfs/handler/user.go:478.42,480.3 1 1
cnfs/handler/user.go:483.16,485.27 2 1
cnfs/handler/user.go:489.3,489.64 1 1
cnfs/handler/user.go:485.27,487.4 1 1
cnfs/handler/user.go:493.9,495.3 1 0
cnfs/handler/user.go:497.35,500.3 2 0
cnfs/handler/user.go:503.16,504.27 1 0
cnfs/handler/user.go:508.3,508.64 1 0
cnfs/handler/user.go:504.27,506.4 1 0
