mode: set
cnfs/handler/message.go:30.54,67.38 2 1
cnfs/handler/message.go:71.2,71.41 1 1
cnfs/handler/message.go:75.2,76.16 2 1
cnfs/handler/message.go:83.2,89.16 3 1
cnfs/handler/message.go:93.2,93.42 1 1
cnfs/handler/message.go:67.38,69.3 1 0
cnfs/handler/message.go:71.41,73.3 1 1
cnfs/handler/message.go:76.16,77.27 1 1
cnfs/handler/message.go:80.3,80.64 1 1
cnfs/handler/message.go:77.27,79.4 1 1
cnfs/handler/message.go:89.16,91.3 1 0
cnfs/handler/message.go:97.53,148.16 3 1
cnfs/handler/message.go:152.2,153.9 2 1
cnfs/handler/message.go:157.2,157.35 1 1
cnfs/handler/message.go:161.2,162.21 2 1
cnfs/handler/message.go:166.2,167.16 2 1
cnfs/handler/message.go:171.2,176.16 3 1
cnfs/handler/message.go:183.2,183.43 1 1
cnfs/handler/message.go:148.16,150.3 1 0
cnfs/handler/message.go:153.9,155.3 1 0
cnfs/handler/message.go:157.35,159.3 1 1
cnfs/handler/message.go:162.21,164.3 1 1
cnfs/handler/message.go:167.16,169.3 1 1
cnfs/handler/message.go:176.16,177.27 1 1
cnfs/handler/message.go:180.3,180.64 1 0
cnfs/handler/message.go:177.27,179.4 1 1
cnfs/handler/message.go:187.55,227.16 3 1
cnfs/handler/message.go:231.2,232.16 2 1
cnfs/handler/message.go:239.2,239.38 1 1
cnfs/handler/message.go:227.16,229.3 1 1
cnfs/handler/message.go:232.16,233.27 1 1
cnfs/handler/message.go:236.3,236.64 1 1
cnfs/handler/message.go:233.27,235.4 1 1
cnfs/handler/message.go:242.54,282.16 3 1
cnfs/handler/message.go:286.2,287.9 2 1
cnfs/handler/message.go:291.2,292.16 2 1
cnfs/handler/message.go:299.2,299.43 1 1
cnfs/handler/message.go:303.2,307.16 2 1
cnfs/handler/message.go:314.2,314.42 1 1
cnfs/handler/message.go:282.16,284.3 1 0
cnfs/handler/message.go:287.9,289.3 1 0
cnfs/handler/message.go:292.16,293.27 1 1
cnfs/handler/message.go:296.3,296.64 1 1
cnfs/handler/message.go:293.27,295.4 1 1
cnfs/handler/message.go:299.43,301.3 1 0
cnfs/handler/message.go:307.16,308.27 1 0
cnfs/handler/message.go:311.3,311.64 1 0
cnfs/handler/message.go:308.27,310.4 1 0
cnfs/handler/message.go:317.54,357.16 3 1
cnfs/handler/message.go:361.2,362.9 2 1
cnfs/handler/message.go:366.2,367.16 2 1
cnfs/handler/message.go:374.2,374.43 1 1
cnfs/handler/message.go:378.2,383.16 3 1
cnfs/handler/message.go:390.2,390.45 1 1
cnfs/handler/message.go:357.16,359.3 1 0
cnfs/handler/message.go:362.9,364.3 1 0
cnfs/handler/message.go:367.16,368.27 1 1
cnfs/handler/message.go:371.3,371.64 1 1
cnfs/handler/message.go:368.27,370.4 1 1
cnfs/handler/message.go:374.43,376.3 1 1
cnfs/handler/message.go:383.16,384.27 1 0
cnfs/handler/message.go:387.3,387.64 1 0
cnfs/handler/message.go:384.27,386.4 1 0
cnfs/handler/auth.go:49.50,87.38 2 1
cnfs/handler/auth.go:91.2,91.42 1 1
cnfs/handler/auth.go:95.2,96.16 2 1
cnfs/handler/auth.go:103.2,103.91 1 1
cnfs/handler/auth.go:107.2,108.16 2 1
cnfs/handler/auth.go:112.2,113.16 2 1
cnfs/handler/auth.go:118.2,140.16 12 1
cnfs/handler/auth.go:147.2,148.16 2 1
cnfs/handler/auth.go:155.2,165.39 2 1
cnfs/handler/auth.go:87.38,89.3 1 0
cnfs/handler/auth.go:91.42,93.3 1 1
cnfs/handler/auth.go:96.16,97.27 1 1
cnfs/handler/auth.go:100.3,100.44 1 0
cnfs/handler/auth.go:97.27,99.4 1 1
cnfs/handler/auth.go:103.91,105.3 1 1
cnfs/handler/auth.go:108.16,110.3 1 0
cnfs/handler/auth.go:113.16,115.3 1 0
cnfs/handler/auth.go:140.16,141.27 1 0
cnfs/handler/auth.go:144.3,144.44 1 0
cnfs/handler/auth.go:141.27,143.4 1 0
cnfs/handler/auth.go:148.16,149.27 1 0
cnfs/handler/auth.go:152.3,152.44 1 0
cnfs/handler/auth.go:149.27,151.4 1 0
cnfs/handler/auth.go:169.51,210.38 2 1
cnfs/handler/auth.go:214.2,214.42 1 1
cnfs/handler/auth.go:218.2,219.16 2 1
cnfs/handler/auth.go:226.2,226.59 1 1
cnfs/handler/auth.go:210.38,212.3 1 0
cnfs/handler/auth.go:214.42,216.3 1 1
cnfs/handler/auth.go:219.16,220.27 1 1
cnfs/handler/auth.go:223.3,223.64 1 1
cnfs/handler/auth.go:220.27,222.4 1 1
cnfs/handler/handler.go:53.58,54.47 1 1
cnfs/handler/handler.go:57.2,57.12 1 1
cnfs/handler/handler.go:54.47,56.3 1 1
cnfs/handler/handler.go:60.33,64.16 4 0
cnfs/handler/handler.go:68.2,68.59 1 0
cnfs/handler/handler.go:64.16,66.3 1 0
cnfs/handler/handler.go:71.69,74.16 2 1
cnfs/handler/handler.go:78.2,85.20 3 1
cnfs/handler/handler.go:74.16,76.3 1 0
cnfs/handler/handler.go:88.32,98.40 7 1
cnfs/handler/handler.go:101.2,101.46 1 1
cnfs/handler/handler.go:104.2,139.14 30 1
cnfs/handler/handler.go:98.40,100.3 1 0
cnfs/handler/handler.go:101.46,103.3 1 0
cnfs/handler/middleware.go:13.79,17.79 1 1
cnfs/handler/middleware.go:17.79,26.4 2 1
cnfs/handler/middleware.go:30.55,43.2 1 1
cnfs/handler/middleware.go:45.76,47.2 1 1
cnfs/handler/middleware.go:55.73,56.36 1 1
cnfs/handler/middleware.go:56.36,58.32 2 1
cnfs/handler/middleware.go:62.3,64.22 2 1
cnfs/handler/middleware.go:68.3,69.51 2 1
cnfs/handler/middleware.go:73.3,75.17 3 1
cnfs/handler/middleware.go:79.3,80.17 2 1
cnfs/handler/middleware.go:58.32,60.4 1 0
cnfs/handler/middleware.go:64.22,66.4 1 0
cnfs/handler/middleware.go:69.51,71.4 1 0
cnfs/handler/middleware.go:75.17,77.4 1 0
cnfs/handler/posts.go:28.53,58.16 2 1
cnfs/handler/posts.go:62.2,63.16 2 1
cnfs/handler/posts.go:67.2,68.16 2 1
cnfs/handler/posts.go:72.2,72.50 1 1
cnfs/handler/posts.go:58.16,60.3 1 0
cnfs/handler/posts.go:63.16,65.3 1 1
cnfs/handler/posts.go:68.16,70.3 1 0
cnfs/handler/posts.go:76.52,112.16 3 1
cnfs/handler/posts.go:116.2,117.16 2 1
cnfs/handler/posts.go:124.2,124.49 1 1
cnfs/handler/posts.go:112.16,114.3 1 0
cnfs/handler/posts.go:117.16,118.27 1 1
cnfs/handler/posts.go:121.3,121.71 1 0
cnfs/handler/posts.go:118.27,120.4 1 1
cnfs/handler/posts.go:128.54,159.36 2 1
cnfs/handler/posts.go:163.2,163.40 1 1
cnfs/handler/posts.go:167.2,172.16 2 1
cnfs/handler/posts.go:179.2,179.49 1 1
cnfs/handler/posts.go:159.36,161.3 1 0
cnfs/handler/posts.go:163.40,165.3 1 1
cnfs/handler/posts.go:172.16,173.27 1 1
cnfs/handler/posts.go:176.3,176.71 1 0
cnfs/handler/posts.go:173.27,175.4 1 1
cnfs/handler/posts.go:183.51,223.36 2 1
cnfs/handler/posts.go:227.2,227.40 1 1
cnfs/handler/posts.go:231.2,232.16 2 1
cnfs/handler/posts.go:236.2,237.9 2 1
cnfs/handler/posts.go:241.2,242.16 2 1
cnfs/handler/posts.go:250.2,251.16 2 1
cnfs/handler/posts.go:259.2,259.44 1 1
cnfs/handler/posts.go:263.2,267.16 2 1
cnfs/handler/posts.go:271.2,271.56 1 1
cnfs/handler/posts.go:223.36,225.3 1 0
cnfs/handler/posts.go:227.40,229.3 1 0
cnfs/handler/posts.go:232.16,234.3 1 0
cnfs/handler/posts.go:237.9,239.3 1 0
cnfs/handler/posts.go:242.16,243.27 1 0
cnfs/handler/posts.go:246.3,246.64 1 0
cnfs/handler/posts.go:243.27,245.4 1 0
cnfs/handler/posts.go:251.16,252.27 1 1
cnfs/handler/posts.go:255.3,255.64 1 0
cnfs/handler/posts.go:252.27,254.4 1 1
cnfs/handler/posts.go:259.44,261.3 1 1
cnfs/handler/posts.go:267.16,269.3 1 0
cnfs/handler/posts.go:275.51,310.16 3 1
cnfs/handler/posts.go:314.2,315.9 2 1
cnfs/handler/posts.go:319.2,320.16 2 1
cnfs/handler/posts.go:328.2,329.16 2 1
cnfs/handler/posts.go:337.2,337.44 1 1
cnfs/handler/posts.go:342.2,343.16 2 1
cnfs/handler/posts.go:347.2,347.56 1 1
cnfs/handler/posts.go:310.16,312.3 1 0
cnfs/handler/posts.go:315.9,317.3 1 0
cnfs/handler/posts.go:320.16,321.27 1 0
cnfs/handler/posts.go:324.3,324.64 1 0
cnfs/handler/posts.go:321.27,323.4 1 0
cnfs/handler/posts.go:329.16,330.27 1 1
cnfs/handler/posts.go:333.3,333.64 1 0
cnfs/handler/posts.go:330.27,332.4 1 1
cnfs/handler/posts.go:337.44,339.3 1 1
cnfs/handler/posts.go:343.16,345.3 1 0
cnfs/handler/refresh.go:37.59,86.38 2 0
cnfs/handler/refresh.go:90.2,90.42 1 0
cnfs/handler/refresh.go:94.2,95.16 2 0
cnfs/handler/refresh.go:99.2,100.16 2 0
cnfs/handler/refresh.go:107.2,107.23 1 0
cnfs/handler/refresh.go:111.2,111.106 1 0
cnfs/handler/refresh.go:115.2,115.47 1 0
cnfs/handler/refresh.go:119.2,119.41 1 0
cnfs/handler/refresh.go:123.2,124.16 2 0
cnfs/handler/refresh.go:128.2,133.49 2 0
cnfs/handler/refresh.go:86.38,88.3 1 0
cnfs/handler/refresh.go:90.42,92.3 1 0
cnfs/handler/refresh.go:95.16,97.3 1 0
cnfs/handler/refresh.go:100.16,101.27 1 0
cnfs/handler/refresh.go:104.3,104.71 1 0
cnfs/handler/refresh.go:101.27,103.4 1 0
cnfs/handler/refresh.go:107.23,109.3 1 0
cnfs/handler/refresh.go:111.106,113.3 1 0
cnfs/handler/refresh.go:115.47,117.3 1 0
cnfs/handler/refresh.go:119.41,121.3 1 0
cnfs/handler/refresh.go:124.16,126.3 1 0
cnfs/handler/refresh.go:136.60,180.38 2 0
cnfs/handler/refresh.go:184.2,184.42 1 0
cnfs/handler/refresh.go:188.2,189.16 2 0
cnfs/handler/refresh.go:193.2,198.39 2 0
cnfs/handler/refresh.go:180.38,182.3 1 0
cnfs/handler/refresh.go:184.42,186.3 1 0
cnfs/handler/refresh.go:189.16,191.3 1 0
cnfs/handler/response.go:54.37,56.2 1 1
cnfs/handler/response.go:58.46,60.2 1 1
cnfs/handler/user.go:73.51,111.38 2 1
cnfs/handler/user.go:115.2,115.42 1 1
cnfs/handler/user.go:119.2,120.16 2 1
cnfs/handler/user.go:124.2,131.16 3 1
cnfs/handler/user.go:138.2,143.16 2 1
cnfs/handler/user.go:147.2,147.49 1 1
cnfs/handler/user.go:111.38,113.3 1 0
cnfs/handler/user.go:115.42,117.3 1 1
cnfs/handler/user.go:120.16,122.3 1 0
cnfs/handler/user.go:131.16,132.46 1 1
cnfs/handler/user.go:135.3,135.64 1 1
cnfs/handler/user.go:132.46,134.4 1 1
cnfs/handler/user.go:143.16,145.3 1 0
cnfs/handler/user.go:151.50,189.21 2 1
cnfs/handler/user.go:193.2,194.16 2 1
cnfs/handler/user.go:198.2,199.16 2 1
cnfs/handler/user.go:203.2,203.40 1 1
cnfs/handler/user.go:189.21,191.3 1 1
cnfs/handler/user.go:194.16,196.3 1 1
cnfs/handler/user.go:199.16,201.3 1 0
cnfs/handler/user.go:207.52,246.16 3 1
cnfs/handler/user.go:250.2,251.16 2 1
cnfs/handler/user.go:258.2,258.39 1 1
cnfs/handler/user.go:246.16,248.3 1 1
cnfs/handler/user.go:251.16,252.27 1 1
cnfs/handler/user.go:255.3,255.64 1 1
cnfs/handler/user.go:252.27,254.4 1 1
cnfs/handler/user.go:261.58,265.16 3 1
cnfs/handler/user.go:272.2,272.39 1 1
cnfs/handler/user.go:265.16,266.27 1 1
cnfs/handler/user.go:269.3,269.64 1 1
cnfs/handler/user.go:266.27,268.4 1 1
cnfs/handler/user.go:276.51,329.16 3 1
cnfs/handler/user.go:333.2,335.38 2 1
cnfs/handler/user.go:339.2,339.42 1 1
cnfs/handler/user.go:343.2,344.9 2 1
cnfs/handler/user.go:348.2,348.35 1 1
cnfs/handler/user.go:352.2,353.16 2 1
cnfs/handler/user.go:360.2,360.20 1 1
cnfs/handler/user.go:329.16,331.3 1 0
cnfs/handler/user.go:335.38,337.3 1 0
cnfs/handler/user.go:339.42,341.3 1 1
cnfs/handler/user.go:344.9,346.3 1 0
cnfs/handler/user.go:348.35,350.3 1 0
cnfs/handler/user.go:353.16,354.27 1 1
cnfs/handler/user.go:357.3,357.64 1 0
cnfs/handler/user.go:354.27,356.4 1 1
cnfs/handler/user.go:361.18,368.17 3 1
cnfs/handler/user.go:372.3,373.17 2 1
cnfs/handler/user.go:380.3,380.162 1 1
cnfs/handler/user.go:381.18,383.17 2 1
cnfs/handler/user.go:387.3,393.17 3 1
cnfs/handler/user.go:397.3,398.17 2 1
cnfs/handler/user.go:405.3,405.162 1 1
cnfs/handler/user.go:406.10,407.89 1 0
cnfs/handler/user.go:368.17,370.4 1 0
cnfs/handler/user.go:373.17,374.28 1 0
cnfs/handler/user.go:377.4,377.65 1 0
cnfs/handler/user.go:374.28,376.5 1 0
cnfs/handler/user.go:383.17,385.4 1 0
cnfs/handler/user.go:393.17,395.4 1 0
cnfs/handler/user.go:398.17,399.28 1 0
cnfs/handler/user.go:402.4,402.65 1 0
cnfs/handler/user.go:399.28,401.5 1 0
cnfs/handler/user.go:412.51,463.16 3 1
cnfs/handler/user.go:467.2,469.38 2 1
cnfs/handler/user.go:473.2,473.42 1 1
cnfs/handler/user.go:477.2,478.16 2 1
cnfs/handler/user.go:487.2,488.9 2 1
cnfs/handler/user.go:492.2,492.35 1 1
cnfs/handler/user.go:497.2,498.16 2 1
cnfs/handler/user.go:506.2,506.121 1 1
cnfs/handler/user.go:463.16,465.3 1 0
cnfs/handler/user.go:469.38,471.3 1 0
cnfs/handler/user.go:473.42,475.3 1 1
cnfs/handler/user.go:478.16,480.27 2 1
cnfs/handler/user.go:484.3,484.64 1 1
cnfs/handler/user.go:480.27,482.4 1 1
cnfs/handler/user.go:488.9,490.3 1 0
cnfs/handler/user.go:492.35,495.3 2 0
cnfs/handler/user.go:498.16,499.27 1 0
cnfs/handler/user.go:503.3,503.64 1 0
cnfs/handler/user.go:499.27,501.4 1 0
cnfs/handler/comments.go:21.56,24.16 3 1
cnfs/handler/comments.go:28.2,29.16 2 1
cnfs/handler/comments.go:36.2,36.53 1 1
cnfs/handler/comments.go:24.16,26.3 1 0
cnfs/handler/comments.go:29.16,30.27 1 1
cnfs/handler/comments.go:33.3,33.64 1 1
cnfs/handler/comments.go:30.27,32.4 1 1
cnfs/handler/comments.go:39.55,42.16 3 1
cnfs/handler/comments.go:46.2,47.16 2 1
cnfs/handler/comments.go:54.2,54.52 1 1
cnfs/handler/comments.go:42.16,44.3 1 0
cnfs/handler/comments.go:47.16,48.27 1 1
cnfs/handler/comments.go:51.3,51.64 1 1
cnfs/handler/comments.go:48.27,50.4 1 1
cnfs/handler/comments.go:57.54,59.37 2 0
cnfs/handler/comments.go:63.2,63.40 1 0
cnfs/handler/comments.go:67.2,76.16 2 0
cnfs/handler/comments.go:83.2,83.52 1 0
cnfs/handler/comments.go:59.37,61.3 1 0
cnfs/handler/comments.go:63.40,65.3 1 0
cnfs/handler/comments.go:76.16,77.27 1 0
cnfs/handler/comments.go:80.3,80.64 1 0
cnfs/handler/comments.go:77.27,79.4 1 0
